2025-02-20 17:23:47.559 [info] Positron Kernel Supervisor activated
2025-02-20 17:23:47.559 [info] Starting Kallichore server /usr/share/positron/resources/app/extensions/positron-supervisor/resources/kallichore/kcserver on port 52684
Kallichore 0.1.29 server online with 0 sessions
Kallichore server started in 815ms
Streaming Kallichore server logs from /tmp/kallichore-dc68632.log (log level: debug)
23:23:47 [INFO] Starting Kallichore server at 127.0.0.1:52684
23:23:47 [INFO] Server set to shut down after 1 hours of inactivity
Creating session: {"sessionId":"r-63241919","sessionName":"R 4.4.2","sessionMode":"console","createdTimestamp":1740093828927,"startReason":"The positron.positron-r extension requested the runtime to be started immediately."}
23:23:49 [DEBUG] (2) kcserver::kernel_state: [session r-63241919] status 'idle' => 'starting' (start API called)
23:23:49 [DEBUG] (2) kcserver::kernel_session: Starting kernel for session r-63241919: ["/usr/share/positron/resources/app/extensions/positron-r/resources/ark/ark", "--connection_file", "/tmp/connection_r-63241919.json", "--log", "/tmp/kernel-bj1FuY/kernel.log", "--startup-file", "/usr/share/positron/resources/app/extensions/positron-r/resources/scripts/startup.R", "--session-mode", "console", "--", "--interactive", "--no-restore-data"]
23:23:49 [DEBUG] (2) kcserver::kernel_session: End of output stream (kind: Stdout)
23:23:49 [DEBUG] (2) kcserver::kernel_session: End of output stream (kind: Stderr)
23:23:50 [DEBUG] (2) kcserver::kernel_session: [session r-63241919] All ZeroMQ sockets connected successfully
23:23:50 [INFO] [session r-63241919] Connected to heartbeat socket at tcp://127.0.0.1:15045.
23:23:50 [DEBUG] (2) kcserver::zmq_ws_proxy: [session r-63241919] Starting ZeroMQ-WebSocket proxy
23:23:50 [DEBUG] (2) kcserver::kernel_state: [session r-63241919] status 'starting' => 'ready' (initial heartbeat received)
23:23:50 [DEBUG] (22) kcserver::zmq_ws_proxy: [session r-63241919] Forward from 'IOPub' to WebSocket: status
23:23:50 [DEBUG] (22) kcserver::kernel_state: [session r-63241919] status 'ready' => 'idle' (kernel_info_request)
23:23:50 [DEBUG] (20) kallichore_api::server: channels_websocket_request for session 'r-63241919'
23:23:50 [DEBUG] (20) kcserver::server: Upgrading channel connection to websocket for session 'r-63241919'
23:23:50 [DEBUG] (20) kcserver::server: Creating session for websocket connection
23:23:50 [DEBUG] (20) kcserver::server: Connection upgraded to websocket for session 'r-63241919'
23:23:50 [INFO] [client r-63241919-0] Connecting to websocket
23:23:50 [INFO] [client r-63241919-0] Got message 2f973a8c63 of type comm_open; sending to Jupyter socket Shell
23:23:50 [INFO] [client r-63241919-0] Got message ae30a358f2 of type comm_open; sending to Jupyter socket Shell
23:23:50 [DEBUG] (20) kcserver::zmq_ws_proxy: [session r-63241919] Forward from 'IOPub' to WebSocket: status
23:23:50 [DEBUG] (20) kcserver::kernel_state: [session r-63241919] status 'idle' => 'busy' (comm_open)
23:23:50 [DEBUG] (20) kcserver::zmq_ws_proxy: [session r-63241919] Forward from 'IOPub' to WebSocket: status
23:23:50 [DEBUG] (20) kcserver::kernel_state: [session r-63241919] status 'busy' => 'idle' (comm_open)
23:23:50 [DEBUG] (20) kcserver::zmq_ws_proxy: [session r-63241919] Forward from 'IOPub' to WebSocket: comm_msg
23:23:50 [DEBUG] (20) kcserver::zmq_ws_proxy: [session r-63241919] Forward from 'IOPub' to WebSocket: status
23:23:50 [DEBUG] (20) kcserver::kernel_state: [session r-63241919] status 'idle' => 'busy' (comm_open)
23:23:50 [DEBUG] (20) kcserver::zmq_ws_proxy: [session r-63241919] Forward from 'IOPub' to WebSocket: status
23:23:50 [DEBUG] (20) kcserver::kernel_state: [session r-63241919] status 'busy' => 'idle' (comm_open)
23:23:50 [DEBUG] (20) kcserver::zmq_ws_proxy: [session r-63241919] Forward from 'IOPub' to WebSocket: comm_msg
23:23:50 [INFO] [client r-63241919-0] Got message 46d59601f6 of type comm_open; sending to Jupyter socket Shell
23:23:50 [INFO] [client r-63241919-0] Got message bce486245e of type comm_open; sending to Jupyter socket Shell
23:23:50 [DEBUG] (2) kcserver::zmq_ws_proxy: [session r-63241919] Forward from 'IOPub' to WebSocket: status
23:23:50 [DEBUG] (2) kcserver::kernel_state: [session r-63241919] status 'idle' => 'busy' (comm_open)
23:23:50 [INFO] [client r-63241919-0] Got message c759687a of type comm_msg; sending to Jupyter socket Shell
23:23:50 [INFO] [client r-63241919-0] Got message bb7d963372 of type comm_info_request; sending to Jupyter socket Shell
23:23:50 [INFO] [client r-63241919-0] Got message 6dcd17665a of type comm_info_request; sending to Jupyter socket Shell
23:23:50 [INFO] [client r-63241919-0] Got message f2b2cc4804 of type comm_info_request; sending to Jupyter socket Shell
23:23:50 [INFO] [client r-63241919-0] Got message 9ebdda0384 of type comm_info_request; sending to Jupyter socket Shell
23:23:50 [DEBUG] (2) kcserver::zmq_ws_proxy: [session r-63241919] Forward from 'IOPub' to WebSocket: status
23:23:50 [DEBUG] (2) kcserver::kernel_state: [session r-63241919] status 'busy' => 'idle' (comm_open)
23:23:50 [DEBUG] (20) kcserver::zmq_ws_proxy: [session r-63241919] Forward from 'Shell' to WebSocket: comm_info_reply
23:23:50 [DEBUG] (20) kcserver::zmq_ws_proxy: [session r-63241919] Forward from 'Shell' to WebSocket: comm_info_reply
23:23:50 [DEBUG] (20) kcserver::zmq_ws_proxy: [session r-63241919] Forward from 'Shell' to WebSocket: comm_info_reply
23:23:50 [DEBUG] (20) kcserver::zmq_ws_proxy: [session r-63241919] Forward from 'Shell' to WebSocket: comm_info_reply
23:23:50 [DEBUG] (20) kcserver::zmq_ws_proxy: [session r-63241919] Forward from 'IOPub' to WebSocket: status
23:23:50 [DEBUG] (20) kcserver::kernel_state: [session r-63241919] status 'idle' => 'busy' (comm_open)
23:23:50 [DEBUG] (20) kcserver::zmq_ws_proxy: [session r-63241919] Forward from 'IOPub' to WebSocket: status
23:23:50 [DEBUG] (20) kcserver::kernel_state: [session r-63241919] status 'busy' => 'idle' (comm_open)
23:23:50 [DEBUG] (20) kcserver::zmq_ws_proxy: [session r-63241919] Forward from 'IOPub' to WebSocket: status
23:23:50 [DEBUG] (20) kcserver::kernel_state: [session r-63241919] status 'idle' => 'busy' (comm_msg)
23:23:50 [DEBUG] (20) kcserver::zmq_ws_proxy: [session r-63241919] Forward from 'IOPub' to WebSocket: status
23:23:50 [DEBUG] (20) kcserver::kernel_state: [session r-63241919] status 'busy' => 'idle' (comm_msg)
23:23:50 [DEBUG] (20) kcserver::zmq_ws_proxy: [session r-63241919] Forward from 'IOPub' to WebSocket: status
23:23:50 [DEBUG] (20) kcserver::kernel_state: [session r-63241919] status 'idle' => 'busy' (comm_info_request)
23:23:50 [DEBUG] (20) kcserver::zmq_ws_proxy: [session r-63241919] Forward from 'IOPub' to WebSocket: status
23:23:50 [DEBUG] (20) kcserver::kernel_state: [session r-63241919] status 'busy' => 'idle' (comm_info_request)
23:23:50 [DEBUG] (20) kcserver::zmq_ws_proxy: [session r-63241919] Forward from 'IOPub' to WebSocket: status
23:23:50 [DEBUG] (20) kcserver::kernel_state: [session r-63241919] status 'idle' => 'busy' (comm_info_request)
23:23:50 [DEBUG] (20) kcserver::zmq_ws_proxy: [session r-63241919] Forward from 'IOPub' to WebSocket: status
23:23:50 [DEBUG] (20) kcserver::kernel_state: [session r-63241919] status 'busy' => 'idle' (comm_info_request)
23:23:50 [DEBUG] (20) kcserver::zmq_ws_proxy: [session r-63241919] Forward from 'IOPub' to WebSocket: status
23:23:50 [DEBUG] (20) kcserver::kernel_state: [session r-63241919] status 'idle' => 'busy' (comm_info_request)
23:23:50 [DEBUG] (20) kcserver::zmq_ws_proxy: [session r-63241919] Forward from 'IOPub' to WebSocket: status
23:23:50 [DEBUG] (20) kcserver::kernel_state: [session r-63241919] status 'busy' => 'idle' (comm_info_request)
23:23:50 [DEBUG] (20) kcserver::zmq_ws_proxy: [session r-63241919] Forward from 'IOPub' to WebSocket: status
23:23:50 [DEBUG] (20) kcserver::kernel_state: [session r-63241919] status 'idle' => 'busy' (comm_info_request)
23:23:50 [DEBUG] (20) kcserver::zmq_ws_proxy: [session r-63241919] Forward from 'IOPub' to WebSocket: status
23:23:50 [DEBUG] (20) kcserver::kernel_state: [session r-63241919] status 'busy' => 'idle' (comm_info_request)
23:23:50 [INFO] [client r-63241919-0] Got message 9f1d1126 of type comm_msg; sending to Jupyter socket Shell
23:23:50 [DEBUG] (20) kcserver::zmq_ws_proxy: [session r-63241919] Forward from 'IOPub' to WebSocket: status
23:23:50 [DEBUG] (20) kcserver::kernel_state: [session r-63241919] status 'idle' => 'busy' (comm_msg)
23:23:50 [DEBUG] (20) kcserver::zmq_ws_proxy: [session r-63241919] Forward from 'IOPub' to WebSocket: status
23:23:50 [DEBUG] (20) kcserver::kernel_state: [session r-63241919] status 'busy' => 'idle' (comm_msg)
23:23:50 [INFO] [client r-63241919-0] Got message 6de5d30c2e of type comm_open; sending to Jupyter socket Shell
23:23:50 [DEBUG] (22) kcserver::zmq_ws_proxy: [session r-63241919] Forward from 'IOPub' to WebSocket: status
23:23:50 [DEBUG] (22) kcserver::kernel_state: [session r-63241919] status 'idle' => 'busy' (comm_open)
23:23:50 [DEBUG] (22) kcserver::zmq_ws_proxy: [session r-63241919] Forward from 'IOPub' to WebSocket: status
23:23:50 [DEBUG] (22) kcserver::kernel_state: [session r-63241919] status 'busy' => 'idle' (comm_open)
23:23:50 [DEBUG] (22) kcserver::zmq_ws_proxy: [session r-63241919] Forward from 'IOPub' to WebSocket: comm_msg
23:23:50 [DEBUG] (20) kcserver::zmq_ws_proxy: [session r-63241919] Forward from 'IOPub' to WebSocket: comm_msg
23:23:50 [INFO] [client r-63241919-0] Got message b440991f95 of type comm_open; sending to Jupyter socket Shell
23:23:50 [DEBUG] (20) kcserver::zmq_ws_proxy: [session r-63241919] Forward from 'IOPub' to WebSocket: status
23:23:50 [DEBUG] (20) kcserver::kernel_state: [session r-63241919] status 'idle' => 'busy' (comm_open)
23:23:50 [DEBUG] (20) kcserver::zmq_ws_proxy: [session r-63241919] Forward from 'IOPub' to WebSocket: comm_msg
23:23:50 [DEBUG] (20) kcserver::zmq_ws_proxy: [session r-63241919] Forward from 'IOPub' to WebSocket: status
23:23:50 [DEBUG] (20) kcserver::kernel_state: [session r-63241919] status 'busy' => 'idle' (comm_open)
23:23:50 [INFO] [client r-63241919-0] Got message 3b9e724cdd of type comm_open; sending to Jupyter socket Shell
23:23:50 [DEBUG] (2) kcserver::zmq_ws_proxy: [session r-63241919] Forward from 'IOPub' to WebSocket: status
23:23:50 [DEBUG] (2) kcserver::kernel_state: [session r-63241919] status 'idle' => 'busy' (comm_open)
23:23:50 [INFO] [client r-63241919-0] Got message 96ed0539d2 of type comm_open; sending to Jupyter socket Shell
23:23:50 [INFO] [client r-63241919-0] Got message 803b525a of type comm_msg; sending to Jupyter socket Shell
23:23:50 [DEBUG] (2) kcserver::zmq_ws_proxy: [session r-63241919] Forward from 'IOPub' to WebSocket: comm_msg
23:23:50 [DEBUG] (2) kcserver::zmq_ws_proxy: [session r-63241919] Forward from 'IOPub' to WebSocket: comm_msg
23:23:50 [DEBUG] (2) kcserver::zmq_ws_proxy: [session r-63241919] Forward from 'IOPub' to WebSocket: status
23:23:50 [DEBUG] (2) kcserver::kernel_state: [session r-63241919] status 'busy' => 'idle' (comm_open)
23:23:50 [DEBUG] (2) kcserver::zmq_ws_proxy: [session r-63241919] Forward from 'IOPub' to WebSocket: status
23:23:50 [DEBUG] (2) kcserver::kernel_state: [session r-63241919] status 'idle' => 'busy' (comm_open)
23:23:50 [DEBUG] (20) tungstenite::protocol: Received close frame: None
23:23:50 [DEBUG] (20) tungstenite::protocol: Replying to close with Frame { header: FrameHeader { is_final: true, rsv1: false, rsv2: false, rsv3: false, opcode: Control(Close), mask: None }, payload: [] }
23:23:50 [INFO] [client r-63241919-0] Websocket closed by client

