2025-02-20 17:23:48.209 [info] [main] Log level: Debug
2025-02-20 17:23:48.209 [info] [main] Validating found git in: "git"
2025-02-20 17:23:48.209 [info] [main] Using git "2.47.2" from "git"
2025-02-20 17:23:48.209 [info] [Model][doInitialScan] Initial repository scan started
2025-02-20 17:23:48.209 [info] > git rev-parse --show-toplevel [325ms]
2025-02-20 17:23:48.209 [info] fatal: not a git repository (or any parent up to mount point /)
Stopping at filesystem boundary (GIT_DISCOVERY_ACROSS_FILESYSTEM not set).
2025-02-20 17:23:48.217 [info] > git rev-parse --show-toplevel [9ms]
2025-02-20 17:23:48.246 [info] > git rev-parse --git-dir --git-common-dir [13ms]
2025-02-20 17:23:48.255 [info] [Model][openRepository] Opened repository: /home/kyle/dev/dot-files
2025-02-20 17:23:48.307 [info] > git rev-parse --show-toplevel [21ms]
2025-02-20 17:23:48.308 [info] > git config --get commit.template [28ms]
2025-02-20 17:23:48.345 [info] > git rev-parse --git-dir --git-common-dir [16ms]
2025-02-20 17:23:48.348 [info] [Model][openRepository] Opened repository: /home/kyle/dev/froggeR
2025-02-20 17:23:48.369 [info] > git for-each-ref --format=%(refname)%00%(upstream:short)%00%(objectname)%00%(upstream:track)%00%(upstream:remotename)%00%(upstream:remoteref) refs/heads/main refs/remotes/main [25ms]
2025-02-20 17:23:48.395 [warning] [Git][revParse] Unable to read file: ENOENT: no such file or directory, open '/home/kyle/dev/dot-files/.git/refs/remotes/origin/main'
2025-02-20 17:23:48.398 [info] > git rev-parse --show-toplevel [30ms]
2025-02-20 17:23:48.399 [info] > git config --get commit.template [37ms]
2025-02-20 17:23:48.415 [info] > git rev-parse refs/remotes/origin/main [20ms]
2025-02-20 17:23:48.442 [info] > git status -z -uall [20ms]
2025-02-20 17:23:48.444 [info] > git rev-parse --git-dir --git-common-dir [30ms]
2025-02-20 17:23:48.448 [info] [Model][openRepository] Opened repository: /home/kyle/dev/nascaR.data
2025-02-20 17:23:48.469 [info] > git for-each-ref --format=%(refname)%00%(upstream:short)%00%(objectname)%00%(upstream:track)%00%(upstream:remotename)%00%(upstream:remoteref) refs/heads/main refs/remotes/main [29ms]
2025-02-20 17:23:48.469 [info] > git for-each-ref --sort -committerdate --format %(refname) %(objectname) %(*objectname) [38ms]
2025-02-20 17:23:48.494 [warning] [Git][revParse] Unable to read file: ENOENT: no such file or directory, open '/home/kyle/dev/froggeR/.git/refs/remotes/origin/main'
2025-02-20 17:23:48.501 [info] > git for-each-ref --format=%(refname)%00%(upstream:short)%00%(objectname)%00%(upstream:track)%00%(upstream:remotename)%00%(upstream:remoteref) refs/heads/main refs/remotes/main [18ms]
2025-02-20 17:23:48.509 [info] > git rev-parse --show-toplevel [42ms]
2025-02-20 17:23:48.509 [info] > git config --get commit.template [48ms]
2025-02-20 17:23:48.522 [info] > git config --local branch.main.vscode-merge-base [13ms]
2025-02-20 17:23:48.528 [info] > git config --get commit.template [28ms]
2025-02-20 17:23:48.529 [info] > git rev-parse refs/remotes/origin/main [35ms]
2025-02-20 17:23:48.582 [info] > git status -z -uall [47ms]
2025-02-20 17:23:48.582 [info] > git for-each-ref --sort -committerdate --format %(refname) %(objectname) %(*objectname) [40ms]
2025-02-20 17:23:48.594 [info] > git for-each-ref --format=%(refname)%00%(upstream:short)%00%(objectname)%00%(upstream:track)%00%(upstream:remotename)%00%(upstream:remoteref) refs/heads/origin/main refs/remotes/origin/main [66ms]
2025-02-20 17:23:48.610 [info] > git rev-parse --git-dir --git-common-dir [89ms]
2025-02-20 17:23:48.613 [info] [Model][openRepository] Opened repository: /home/kyle/dev/r-accessories
2025-02-20 17:23:48.614 [info] [Model][doInitialScan] Initial repository scan completed - repositories (4), closed repositories (0), parent repositories (0), unsafe repositories (0)
2025-02-20 17:23:48.665 [info] > git merge-base refs/heads/main refs/remotes/origin/main [63ms]
2025-02-20 17:23:48.673 [info] > git for-each-ref --format=%(refname)%00%(upstream:short)%00%(objectname)%00%(upstream:track)%00%(upstream:remotename)%00%(upstream:remoteref) refs/heads/main refs/remotes/main [79ms]
2025-02-20 17:23:48.679 [info] > git for-each-ref --format=%(refname)%00%(upstream:short)%00%(objectname)%00%(upstream:track)%00%(upstream:remotename)%00%(upstream:remoteref) refs/heads/main refs/remotes/main [98ms]
2025-02-20 17:23:48.690 [warning] [Git][revParse] Unable to read file: ENOENT: no such file or directory, open '/home/kyle/dev/nascaR.data/.git/refs/remotes/origin/main'
2025-02-20 17:23:48.699 [info] > git config --local branch.main.vscode-merge-base [21ms]
2025-02-20 17:23:48.709 [info] > git diff --name-status -z --diff-filter=ADMR 9049986c29153bfb397f5c054d33daefb9eabd20...refs/remotes/origin/main [37ms]
2025-02-20 17:23:48.711 [info] > git rev-parse --show-toplevel [46ms]
2025-02-20 17:23:48.711 [info] fatal: not a git repository (or any parent up to mount point /)
Stopping at filesystem boundary (GIT_DISCOVERY_ACROSS_FILESYSTEM not set).
2025-02-20 17:23:48.711 [info] > git config --get commit.template [52ms]
2025-02-20 17:23:48.711 [info] > git config --get commit.template [59ms]
2025-02-20 17:23:48.711 [info] > git for-each-ref --format=%(refname)%00%(upstream:short)%00%(objectname)%00%(upstream:track)%00%(upstream:remotename)%00%(upstream:remoteref) refs/heads/main refs/remotes/main [66ms]
2025-02-20 17:23:48.725 [warning] [Git][revParse] Unable to read file: ENOENT: no such file or directory, open '/home/kyle/dev/dot-files/.git/refs/remotes/origin/main'
2025-02-20 17:23:48.734 [info] > git for-each-ref --format=%(refname)%00%(upstream:short)%00%(objectname)%00%(upstream:track)%00%(upstream:remotename)%00%(upstream:remoteref) refs/heads/origin/main refs/remotes/origin/main [25ms]
2025-02-20 17:23:48.744 [info] > git rev-parse refs/remotes/origin/main [54ms]
2025-02-20 17:23:48.780 [info] > git status -z -uall [26ms]
2025-02-20 17:23:48.781 [info] > git merge-base refs/heads/main refs/remotes/origin/main [37ms]
2025-02-20 17:23:48.790 [info] > git rev-parse refs/remotes/origin/main [66ms]
2025-02-20 17:23:48.810 [debug] [FileEventLogger][onWorkspaceWorkingTreeFileChange] /home/kyle/dev/dot-files/Positron/.config/Positron/logs/20250220T172342/window1/exthost/vscode.github
2025-02-20 17:23:48.810 [debug] [FileEventLogger][onWorkspaceWorkingTreeFileChange] /home/kyle/dev/dot-files/Positron/.config/Positron/logs/20250220T172342/window1/exthost/vscode.github/GitHub.log
2025-02-20 17:23:48.810 [debug] [FileEventLogger][onWorkspaceWorkingTreeFileChange] /home/kyle/dev/dot-files/Positron/.config/Positron/GPUCache/data_0
2025-02-20 17:23:48.810 [debug] [FileEventLogger][onWorkspaceWorkingTreeFileChange] /home/kyle/dev/dot-files/Positron/.config/Positron/GPUCache/data_1
2025-02-20 17:23:48.810 [debug] [FileEventLogger][onWorkspaceWorkingTreeFileChange] /home/kyle/dev/dot-files/Positron/.config/Positron/User/workspaceStorage/8b9a9ccb70120a8f2c8a95abb37a17e6/state.vscdb
2025-02-20 17:23:48.810 [debug] [FileEventLogger][onWorkspaceWorkingTreeFileChange] /home/kyle/dev/dot-files/Positron/.config/Positron/logs/20250220T172342/main.log
2025-02-20 17:23:48.810 [debug] [FileEventLogger][onWorkspaceWorkingTreeFileChange] /home/kyle/dev/dot-files/Positron/.config/Positron/logs/20250220T172342/window1/exthost/exthost.log
2025-02-20 17:23:48.810 [debug] [FileEventLogger][onWorkspaceWorkingTreeFileChange] /home/kyle/dev/dot-files/Positron/.config/Positron/logs/20250220T172342/window1/exthost/ms-python.python/Python Language Pack.log
2025-02-20 17:23:48.810 [debug] [FileEventLogger][onWorkspaceWorkingTreeFileChange] /home/kyle/dev/dot-files/Positron/.config/Positron/logs/20250220T172342/window1/exthost/ms-python.python/Python Locator.log
2025-02-20 17:23:48.810 [debug] [FileEventLogger][onWorkspaceWorkingTreeFileChange] /home/kyle/dev/dot-files/Positron/.config/Positron/logs/20250220T172342/window1/exthost/positron.positron-supervisor/Kernel Supervisor.log
2025-02-20 17:23:48.810 [debug] [FileEventLogger][onWorkspaceWorkingTreeFileChange] /home/kyle/dev/dot-files/Positron/.config/Positron/logs/20250220T172342/window1/renderer.log
2025-02-20 17:23:48.810 [debug] [FileEventLogger][onWorkspaceWorkingTreeFileChange] /home/kyle/dev/dot-files/Positron/.config/Positron/logs/20250220T172342/window1/views.log
2025-02-20 17:23:48.823 [info] > git status -z -uall [26ms]
2025-02-20 17:23:48.824 [info] > git for-each-ref --sort -committerdate --format %(refname) %(objectname) %(*objectname) [20ms]
2025-02-20 17:23:48.827 [info] > git diff --name-status -z --diff-filter=ADMR 67b823dbb83f4c1a23db03f969c39b5094faabbb...refs/remotes/origin/main [37ms]
2025-02-20 17:23:48.827 [info] > git for-each-ref --format=%(refname)%00%(upstream:short)%00%(objectname)%00%(upstream:track)%00%(upstream:remotename)%00%(upstream:remoteref) refs/heads/main refs/remotes/main [48ms]
2025-02-20 17:23:48.827 [info] > git for-each-ref --format=%(refname)%00%(upstream:short)%00%(objectname)%00%(upstream:track)%00%(upstream:remotename)%00%(upstream:remoteref) refs/heads/main refs/remotes/main [54ms]
2025-02-20 17:23:48.828 [info] > git for-each-ref --sort -committerdate --format %(refname) %(objectname) %(*objectname) [64ms]
2025-02-20 17:23:48.851 [warning] [Git][revParse] Unable to read file: ENOENT: no such file or directory, open '/home/kyle/dev/r-accessories/.git/refs/remotes/origin/main'
2025-02-20 17:23:48.859 [warning] [Git][revParse] Unable to read file: ENOENT: no such file or directory, open '/home/kyle/dev/froggeR/.git/refs/remotes/origin/main'
2025-02-20 17:23:48.875 [info] > git for-each-ref --format=%(refname)%00%(upstream:short)%00%(objectname)%00%(upstream:track)%00%(upstream:remotename)%00%(upstream:remoteref) refs/heads/main refs/remotes/main [37ms]
2025-02-20 17:23:48.882 [info] > git rev-parse --show-toplevel [60ms]
2025-02-20 17:23:48.882 [info] fatal: not a git repository (or any parent up to mount point /)
Stopping at filesystem boundary (GIT_DISCOVERY_ACROSS_FILESYSTEM not set).
2025-02-20 17:23:48.886 [info] > git config --local branch.main.vscode-merge-base [4ms]
2025-02-20 17:23:48.894 [info] > git config --get commit.template [29ms]
2025-02-20 17:23:48.894 [info] > git rev-parse refs/remotes/origin/main [35ms]
2025-02-20 17:23:48.908 [info] > git rev-parse refs/remotes/origin/main [57ms]
2025-02-20 17:23:48.925 [info] > git status -z -uall [25ms]
2025-02-20 17:23:48.925 [info] > git status -z -uall [11ms]
2025-02-20 17:23:48.926 [info] > git for-each-ref --sort -committerdate --format %(refname) %(objectname) %(*objectname) [4ms]
2025-02-20 17:23:48.939 [info] > git for-each-ref --sort -committerdate --format %(refname) %(objectname) %(*objectname) [31ms]
2025-02-20 17:23:48.941 [info] > git for-each-ref --format=%(refname)%00%(upstream:short)%00%(objectname)%00%(upstream:track)%00%(upstream:remotename)%00%(upstream:remoteref) refs/heads/origin/main refs/remotes/origin/main [47ms]
2025-02-20 17:23:48.980 [info] > git merge-base refs/heads/main refs/remotes/origin/main [32ms]
2025-02-20 17:23:48.989 [info] > git for-each-ref --format=%(refname)%00%(upstream:short)%00%(objectname)%00%(upstream:track)%00%(upstream:remotename)%00%(upstream:remoteref) refs/heads/main refs/remotes/main [51ms]
2025-02-20 17:23:49.016 [info] > git config --local branch.main.vscode-merge-base [19ms]
2025-02-20 17:23:49.025 [info] > git diff --name-status -z --diff-filter=ADMR bb83d33a214f64f806c3b3480695a0177c63cb71...refs/remotes/origin/main [37ms]
2025-02-20 17:23:49.026 [info] > git config --get commit.template [49ms]
2025-02-20 17:23:49.026 [info] > git for-each-ref --format=%(refname)%00%(upstream:short)%00%(objectname)%00%(upstream:track)%00%(upstream:remotename)%00%(upstream:remoteref) refs/heads/main refs/remotes/main [57ms]
2025-02-20 17:23:49.036 [warning] [Git][revParse] Unable to read file: ENOENT: no such file or directory, open '/home/kyle/dev/nascaR.data/.git/refs/remotes/origin/main'
2025-02-20 17:23:49.036 [info] > git for-each-ref --format=%(refname)%00%(upstream:short)%00%(objectname)%00%(upstream:track)%00%(upstream:remotename)%00%(upstream:remoteref) refs/heads/origin/main refs/remotes/origin/main [11ms]
2025-02-20 17:23:49.069 [info] > git merge-base refs/heads/main refs/remotes/origin/main [24ms]
2025-02-20 17:23:49.077 [info] > git rev-parse refs/remotes/origin/main [41ms]
2025-02-20 17:23:49.095 [info] > git diff --name-status -z --diff-filter=ADMR 866763b8b6d6c8bc5a53ba01b09a4798c1c8b1ce...refs/remotes/origin/main [18ms]
2025-02-20 17:23:49.096 [info] > git for-each-ref --format=%(refname)%00%(upstream:short)%00%(objectname)%00%(upstream:track)%00%(upstream:remotename)%00%(upstream:remoteref) refs/heads/main refs/remotes/main [31ms]
2025-02-20 17:23:49.104 [warning] [Git][revParse] Unable to read file: ENOENT: no such file or directory, open '/home/kyle/dev/r-accessories/.git/refs/remotes/origin/main'
2025-02-20 17:23:49.105 [info] > git for-each-ref --sort -committerdate --format %(refname) %(objectname) %(*objectname) [12ms]
2025-02-20 17:23:49.108 [info] > git status -z -uall [25ms]
2025-02-20 17:23:49.110 [info] > git rev-parse refs/remotes/origin/main [6ms]
2025-02-20 17:23:49.128 [info] > git status -z -uall [10ms]
2025-02-20 17:23:49.143 [info] > git for-each-ref --sort -committerdate --format %(refname) %(objectname) %(*objectname) [17ms]
2025-02-20 17:23:49.178 [info] > git check-ignore -v -z --stdin [24ms]
2025-02-20 17:23:49.178 [info] > git check-ignore -v -z --stdin [17ms]
2025-02-20 17:23:49.178 [info] > git check-ignore -v -z --stdin [9ms]
2025-02-20 17:23:49.179 [info] > git check-ignore -v -z --stdin [2ms]
2025-02-20 17:23:49.295 [debug] [FileEventLogger][onWorkspaceWorkingTreeFileChange] /home/kyle/dev/dot-files/Positron/.config/Positron/CachedData/55f73310e900d46f5f472b4b7e2baa552aa2f157/chrome/js/34188e499d6c44cb_0
2025-02-20 17:23:49.295 [debug] [FileEventLogger][onWorkspaceWorkingTreeFileChange] /home/kyle/dev/dot-files/Positron/.config/Positron/CachedData/55f73310e900d46f5f472b4b7e2baa552aa2f157/chrome/js/9a6f00ed2caf0f5c_0
2025-02-20 17:23:49.295 [debug] [FileEventLogger][onWorkspaceWorkingTreeFileChange] /home/kyle/dev/dot-files/Positron/.config/Positron/logs/20250220T172342/window1/exthost/positron.positron-supervisor/R 4.4.2 Console.log
2025-02-20 17:23:49.295 [debug] [FileEventLogger][onWorkspaceWorkingTreeFileChange] /home/kyle/dev/dot-files/Positron/.config/Positron/logs/20250220T172342/window1/exthost/positron.positron-supervisor/R 4.4.2 Kernel.log
2025-02-20 17:23:49.295 [debug] [FileEventLogger][onWorkspaceWorkingTreeFileChange] /home/kyle/dev/dot-files/Positron/.config/Positron/logs/20250220T172342/window1/exthost/vscode.github-authentication
2025-02-20 17:23:49.295 [debug] [FileEventLogger][onWorkspaceWorkingTreeFileChange] /home/kyle/dev/dot-files/Positron/.config/Positron/logs/20250220T172342/window1/exthost/vscode.github-authentication/GitHub Authentication.log
2025-02-20 17:23:49.295 [debug] [FileEventLogger][onWorkspaceWorkingTreeFileChange] /home/kyle/dev/dot-files/Positron/.config/Positron/GPUCache/data_0
2025-02-20 17:23:49.295 [debug] [FileEventLogger][onWorkspaceWorkingTreeFileChange] /home/kyle/dev/dot-files/Positron/.config/Positron/GPUCache/data_1
2025-02-20 17:23:49.295 [debug] [FileEventLogger][onWorkspaceWorkingTreeFileChange] /home/kyle/dev/dot-files/Positron/.config/Positron/User/workspaceStorage/8b9a9ccb70120a8f2c8a95abb37a17e6/state.vscdb
2025-02-20 17:23:49.295 [debug] [FileEventLogger][onWorkspaceWorkingTreeFileChange] /home/kyle/dev/dot-files/Positron/.config/Positron/logs/20250220T172342/sharedprocess.log
2025-02-20 17:23:49.295 [debug] [FileEventLogger][onWorkspaceWorkingTreeFileChange] /home/kyle/dev/dot-files/Positron/.config/Positron/logs/20250220T172342/window1/exthost/exthost.log
2025-02-20 17:23:49.295 [debug] [FileEventLogger][onWorkspaceWorkingTreeFileChange] /home/kyle/dev/dot-files/Positron/.config/Positron/logs/20250220T172342/window1/exthost/ms-python.python/Python Language Pack.log
2025-02-20 17:23:49.295 [debug] [FileEventLogger][onWorkspaceWorkingTreeFileChange] /home/kyle/dev/dot-files/Positron/.config/Positron/logs/20250220T172342/window1/exthost/ms-python.python/Python Locator.log
2025-02-20 17:23:49.295 [debug] [FileEventLogger][onWorkspaceWorkingTreeFileChange] /home/kyle/dev/dot-files/Positron/.config/Positron/logs/20250220T172342/window1/exthost/positron.positron-supervisor/Kernel Supervisor.log
2025-02-20 17:23:49.295 [debug] [FileEventLogger][onWorkspaceWorkingTreeFileChange] /home/kyle/dev/dot-files/Positron/.config/Positron/logs/20250220T172342/window1/exthost/vscode.github/GitHub.log
2025-02-20 17:23:49.295 [debug] [FileEventLogger][onWorkspaceWorkingTreeFileChange] /home/kyle/dev/dot-files/Positron/.config/Positron/logs/20250220T172342/window1/renderer.log
2025-02-20 17:23:49.513 [debug] [FileEventLogger][onWorkspaceWorkingTreeFileChange] /home/kyle/dev/dot-files/Positron/.config/Positron/CachedData/55f73310e900d46f5f472b4b7e2baa552aa2f157/chrome/js/03611b6d3c6071b0_0
2025-02-20 17:23:49.513 [debug] [FileEventLogger][onWorkspaceWorkingTreeFileChange] /home/kyle/dev/dot-files/Positron/.config/Positron/CachedData/55f73310e900d46f5f472b4b7e2baa552aa2f157/chrome/js/34188e499d6c44cb_0
2025-02-20 17:23:49.513 [debug] [FileEventLogger][onWorkspaceWorkingTreeFileChange] /home/kyle/dev/dot-files/Positron/.config/Positron/CachedData/55f73310e900d46f5f472b4b7e2baa552aa2f157/chrome/js/9a6f00ed2caf0f5c_0
2025-02-20 17:23:49.513 [debug] [FileEventLogger][onWorkspaceWorkingTreeFileChange] /home/kyle/dev/dot-files/Positron/.config/Positron/logs/20250220T172342/window1/exthost/exthost.log
2025-02-20 17:23:49.513 [debug] [FileEventLogger][onWorkspaceWorkingTreeFileChange] /home/kyle/dev/dot-files/Positron/.config/Positron/logs/20250220T172342/window1/exthost/ms-python.python/Python Language Pack.log
2025-02-20 17:23:49.513 [debug] [FileEventLogger][onWorkspaceWorkingTreeFileChange] /home/kyle/dev/dot-files/Positron/.config/Positron/logs/20250220T172342/window1/exthost/ms-python.python/Python Locator.log
2025-02-20 17:23:49.591 [debug] [FileEventLogger][onWorkspaceWorkingTreeFileChange] /home/kyle/dev/dot-files/Positron/.config/Positron/User/workspaceStorage/8b9a9ccb70120a8f2c8a95abb37a17e6/state.vscdb
2025-02-20 17:23:49.591 [debug] [FileEventLogger][onWorkspaceWorkingTreeFileChange] /home/kyle/dev/dot-files/Positron/.config/Positron/logs/20250220T172342/window1/exthost/exthost.log
2025-02-20 17:23:49.899 [debug] [FileEventLogger][onWorkspaceWorkingTreeFileChange] /home/kyle/dev/dot-files/Positron/.config/Positron/logs/20250220T172342/window1/exthost/output_logging_20250220T172347/2-Code Cells.log
2025-02-20 17:23:49.899 [debug] [FileEventLogger][onWorkspaceWorkingTreeFileChange] /home/kyle/dev/dot-files/Positron/.config/Positron/logs/20250220T172342/window1/exthost/positron.positron-notebook-controllers
2025-02-20 17:23:49.899 [debug] [FileEventLogger][onWorkspaceWorkingTreeFileChange] /home/kyle/dev/dot-files/Positron/.config/Positron/logs/20250220T172342/window1/exthost/positron.positron-notebook-controllers/Notebook Controllers.log
2025-02-20 17:23:49.899 [debug] [FileEventLogger][onWorkspaceWorkingTreeFileChange] /home/kyle/dev/dot-files/Positron/.config/Positron/logs/20250220T172342/window1/exthost/positron.positron-proxy
2025-02-20 17:23:49.899 [debug] [FileEventLogger][onWorkspaceWorkingTreeFileChange] /home/kyle/dev/dot-files/Positron/.config/Positron/logs/20250220T172342/window1/exthost/positron.positron-proxy/HTML Proxy Server.log
2025-02-20 17:23:49.899 [debug] [FileEventLogger][onWorkspaceWorkingTreeFileChange] /home/kyle/dev/dot-files/Positron/.config/Positron/logs/20250220T172342/window1/exthost/positron.positron-run-app
2025-02-20 17:23:49.899 [debug] [FileEventLogger][onWorkspaceWorkingTreeFileChange] /home/kyle/dev/dot-files/Positron/.config/Positron/logs/20250220T172342/window1/exthost/positron.positron-run-app/App Launcher.log
2025-02-20 17:23:49.899 [debug] [FileEventLogger][onWorkspaceWorkingTreeFileChange] /home/kyle/dev/dot-files/Positron/.config/Positron/logs/20250220T172342/sharedprocess.log
2025-02-20 17:23:49.899 [debug] [FileEventLogger][onWorkspaceWorkingTreeFileChange] /home/kyle/dev/dot-files/Positron/.config/Positron/logs/20250220T172342/window1/renderer.log
2025-02-20 17:23:49.899 [debug] [FileEventLogger][onWorkspaceWorkingTreeFileChange] /home/kyle/dev/dot-files/Positron/.config/Positron/logs/20250220T172342/window1/views.log
2025-02-20 17:23:49.899 [debug] [FileEventLogger][onWorkspaceWorkingTreeFileChange] /home/kyle/dev/dot-files/Positron/.config/Positron/User/workspaceStorage/8b9a9ccb70120a8f2c8a95abb37a17e6/state.vscdb
2025-02-20 17:23:50.151 [debug] [FileEventLogger][onWorkspaceWorkingTreeFileChange] /home/kyle/dev/dot-files/Positron/.config/Positron/logs/20250220T172342/window1/exthost/positron.positron-supervisor/R 4.4.2 Console.log
