2025-02-20 17:23:46.541 [debug] Writing language packs {}
2025-02-20 17:23:46.552 [debug] Error while reading the extension cache file: /home/kyle/.config/Positron/CachedProfilesData/__default__profile__/extensions.builtin.cache Unable to read file 'vscode-userdata:/home/kyle/.config/Positron/CachedProfilesData/__default__profile__/extensions.builtin.cache' (Error: Unable to resolve nonexistent file 'vscode-userdata:/home/kyle/.config/Positron/CachedProfilesData/__default__profile__/extensions.builtin.cache')
2025-02-20 17:23:46.553 [debug] No uninstalled extensions found.
2025-02-20 17:23:46.675 [debug] ComputeTargetPlatform: linux-x64
2025-02-20 17:23:46.676 [debug] Overwriting user extension /usr/share/positron/resources/app/extensions/ms-python.debugpy with /home/kyle/.positron/extensions/ms-python.debugpy-2025.0.1-linux-x64.
2025-02-20 17:23:46.677 [debug] Overwriting user extension /usr/share/positron/resources/app/extensions/ms-toolsai.jupyter with /home/kyle/.positron/extensions/ms-toolsai.jupyter-2024.11.0-universal.
2025-02-20 17:23:46.677 [debug] Overwriting user extension /usr/share/positron/resources/app/extensions/ms-toolsai.jupyter-renderers with /home/kyle/.positron/extensions/ms-toolsai.jupyter-renderers-1.1.0-universal.
2025-02-20 17:23:46.677 [debug] Overwriting user extension /usr/share/positron/resources/app/extensions/ms-vscode.js-debug with /home/kyle/.positron/extensions/ms-vscode.js-debug-1.97.1-universal.
2025-02-20 17:23:46.744 [debug] Writing language packs {}
2025-02-20 17:23:47.098 [debug] Using cached extensions scan result system file:///usr/share/positron/resources/app/extensions
2025-02-20 17:23:47.110 [debug] Overwriting user extension /usr/share/positron/resources/app/extensions/ms-python.debugpy with /home/kyle/.positron/extensions/ms-python.debugpy-2025.0.1-linux-x64.
2025-02-20 17:23:47.110 [debug] Overwriting user extension /usr/share/positron/resources/app/extensions/ms-toolsai.jupyter with /home/kyle/.positron/extensions/ms-toolsai.jupyter-2024.11.0-universal.
2025-02-20 17:23:47.110 [debug] Overwriting user extension /usr/share/positron/resources/app/extensions/ms-toolsai.jupyter-renderers with /home/kyle/.positron/extensions/ms-toolsai.jupyter-renderers-1.1.0-universal.
2025-02-20 17:23:47.110 [debug] Overwriting user extension /usr/share/positron/resources/app/extensions/ms-vscode.js-debug with /home/kyle/.positron/extensions/ms-vscode.js-debug-1.97.1-universal.
2025-02-20 17:23:47.151 [debug] Using cached extensions scan result system file:///usr/share/positron/resources/app/extensions
2025-02-20 17:23:47.167 [debug] Overwriting user extension /usr/share/positron/resources/app/extensions/ms-python.debugpy with /home/kyle/.positron/extensions/ms-python.debugpy-2025.0.1-linux-x64.
2025-02-20 17:23:47.167 [debug] Overwriting user extension /usr/share/positron/resources/app/extensions/ms-toolsai.jupyter with /home/kyle/.positron/extensions/ms-toolsai.jupyter-2024.11.0-universal.
2025-02-20 17:23:47.167 [debug] Overwriting user extension /usr/share/positron/resources/app/extensions/ms-toolsai.jupyter-renderers with /home/kyle/.positron/extensions/ms-toolsai.jupyter-renderers-1.1.0-universal.
2025-02-20 17:23:47.167 [debug] Overwriting user extension /usr/share/positron/resources/app/extensions/ms-vscode.js-debug with /home/kyle/.positron/extensions/ms-vscode.js-debug-1.97.1-universal.
2025-02-20 17:23:47.204 [debug] Using cached extensions scan result system file:///usr/share/positron/resources/app/extensions
2025-02-20 17:23:47.211 [debug] Overwriting user extension /usr/share/positron/resources/app/extensions/ms-python.debugpy with /home/kyle/.positron/extensions/ms-python.debugpy-2025.0.1-linux-x64.
2025-02-20 17:23:47.211 [debug] Overwriting user extension /usr/share/positron/resources/app/extensions/ms-toolsai.jupyter with /home/kyle/.positron/extensions/ms-toolsai.jupyter-2024.11.0-universal.
2025-02-20 17:23:47.211 [debug] Overwriting user extension /usr/share/positron/resources/app/extensions/ms-toolsai.jupyter-renderers with /home/kyle/.positron/extensions/ms-toolsai.jupyter-renderers-1.1.0-universal.
2025-02-20 17:23:47.211 [debug] Overwriting user extension /usr/share/positron/resources/app/extensions/ms-vscode.js-debug with /home/kyle/.positron/extensions/ms-vscode.js-debug-1.97.1-universal.
2025-02-20 17:23:47.357 [debug] User data changed
2025-02-20 17:23:48.699 [debug] ComputeTargetPlatform: linux-x64
2025-02-20 17:23:49.554 [debug] Using cached extensions scan result system file:///usr/share/positron/resources/app/extensions
2025-02-20 17:23:49.560 [debug] Overwriting user extension /usr/share/positron/resources/app/extensions/ms-python.debugpy with /home/kyle/.positron/extensions/ms-python.debugpy-2025.0.1-linux-x64.
2025-02-20 17:23:49.560 [debug] Overwriting user extension /usr/share/positron/resources/app/extensions/ms-toolsai.jupyter with /home/kyle/.positron/extensions/ms-toolsai.jupyter-2024.11.0-universal.
2025-02-20 17:23:49.560 [debug] Overwriting user extension /usr/share/positron/resources/app/extensions/ms-toolsai.jupyter-renderers with /home/kyle/.positron/extensions/ms-toolsai.jupyter-renderers-1.1.0-universal.
2025-02-20 17:23:49.561 [debug] Overwriting user extension /usr/share/positron/resources/app/extensions/ms-vscode.js-debug with /home/kyle/.positron/extensions/ms-vscode.js-debug-1.97.1-universal.
