2025-02-20 17:23:47.468 [debug] parsing data "*** Kallichore Server (/usr/share/positron/resources/app/extensions/positron-supervisor/resources/kallichore/kcserver) ***" [[42,42,42,32,75,97,108,108,105,99,104,111,114,101,32,83,101,114,118,101,114,32,40,47,117,115,114,47,115,104,97,114,101,47,112,111,115,105,116,114,111,110,47,114,101,115,111,117,114,99,101,115,47,97,112,112,47,101,120,116,101,110,115,105,111,110,115,47,112,111,115,105,116,114,111,110,45,115,117,112,101,114,118,105,115,111,114,47,114,101,115,111,117,114,99,101,115,47,107,97,108,108,105,99,104,111,114,101,47,107,99,115,101,114,118,101,114,41,32,42,42,42]]
2025-02-20 17:23:47.469 [debug] parsing data "
" [[13,10]]
2025-02-20 17:23:47.524 [debug] Starting pty host []
2025-02-20 17:23:47.534 [debug] The terminal's pty host process is starting []
2025-02-20 17:23:47.861 [debug] terminalInstance added capability [1]
2025-02-20 17:23:47.862 [debug] terminalInstance added capability [1]
2025-02-20 17:23:47.876 [debug] Terminal process ready (shellProcessId: 48156) []
2025-02-20 17:23:47.878 [debug] terminalInstance added capability [3]
2025-02-20 17:23:47.880 [debug] Terminal process ready (shellProcessId: 48158) []
2025-02-20 17:23:47.881 [debug] terminalInstance added capability [3]
2025-02-20 17:23:47.893 [info] Latency measurements for local backend
window<->ptyhost (message port): 1.00ms
window<->ptyhostservice<->ptyhost: 2.70ms
ptyhostservice<->ptyhost: 0.91ms []
2025-02-20 17:23:47.922 [debug] parsing data "]633;P;ContinuationPrompt=> " [[27,93,54,51,51,59,80,59,67,111,110,116,105,110,117,97,116,105,111,110,80,114,111,109,112,116,61,62,32,7]]
2025-02-20 17:23:47.924 [debug] terminalInstance added capability [2]
2025-02-20 17:23:47.932 [debug] parsing data "]633;P;Prompt=\x0d\x0a\x1b[1\x3b32m[debian]\x1b[0\x3b35m\x1b[1\x3b34m dev \x1b[0m\x0d\x0a>>\x1b[0m [?2004h]633;A
[1;32m[debian][0;35m[1;34m dev [0m
>>[0m ]633;B" [[27,93,54,51,51,59,80,59,80,114,111,109,112,116,61,92,120,48,100,92,120,48,97,92,120,49,98,91,49,92,120,51,98,51,50,109,91,100,101,98,105,97,110,93,92,120,49,98,91,48,92,120,51,98,51,53,109,92,120,49,98,91,49,92,120,51,98,51,52,109,32,100,101,118,32,92,120,49,98,91,48,109,92,120,48,100,92,120,48,97,62,62,92,120,49,98,91,48,109,32,7,27,91,63,50,48,48,52,104,27,93,54,51,51,59,65,7,13,13,10,27,91,49,59,51,50,109,91,100,101,98,105,97,110,93,27,91,48,59,51,53,109,27,91,49,59,51,52,109,32,100,101,118,32,27,91,48,109,13,13,10,62,62,27,91,48,109,32,27,93,54,51,51,59,66,7]]
2025-02-20 17:23:47.933 [debug] CommandDetectionCapability#setPromptTerminator [" "]
2025-02-20 17:23:47.933 [debug] CommandDetectionCapability#handlePromptStart [0,0]
2025-02-20 17:23:47.936 [debug] CommandDetectionCapability#handleCommandStart [3,2]
2025-02-20 17:23:50.665 [debug] Terminal process exit ["instanceId",1,"code",null,"processState",5]
2025-02-20 17:23:50.665 [debug] Terminal process exit ["instanceId",2,"code",null,"processState",5]
