2025-02-20 17:23:46.204 [info] Added views:outline in workbench.view.explorer
2025-02-20 17:23:46.204 [info] Added views:workbench.view.search in workbench.view.search
2025-02-20 17:23:46.204 [info] Added views:workbench.scm in workbench.view.scm
2025-02-20 17:23:46.204 [info] Added views:workbench.panel.markers.view in workbench.panel.markers
2025-02-20 17:23:46.204 [info] Added views:workbench.panel.output in workbench.panel.output
2025-02-20 17:23:46.204 [info] Added views:terminal in terminal
2025-02-20 17:23:46.204 [info] Added views:workbench.panel.positronVariables,workbench.panel.positronPlots in workbench.panel.positronSession
2025-02-20 17:23:46.204 [info] Added views:workbench.panel.positronConsole in workbench.panel.positronSession
2025-02-20 17:23:46.204 [info] Added views:workbench.panel.positronHelp in workbench.panel.positronHelp
2025-02-20 17:23:46.204 [info] Added views:workbench.panel.positronPreview in workbench.panel.positronPreview
2025-02-20 17:23:46.204 [info] Added views:timeline in workbench.view.explorer
2025-02-20 17:23:46.204 [info] Added views:workbench.explorer.fileView in workbench.view.explorer
2025-02-20 17:23:46.378 [info] Added views:workbench.debug.variablesView,workbench.debug.watchExpressionsView,workbench.debug.callStackView,workbench.debug.breakPointsView in workbench.view.debug
2025-02-20 17:23:46.708 [info] Added views:sshHosts in workbench.view.remote
2025-02-20 17:23:47.074 [info] Added views:workbench.panel.repl.view in workbench.panel.repl
2025-02-20 17:23:47.075 [info] Removed views:workbench.debug.breakPointsView,workbench.debug.callStackView,workbench.debug.watchExpressionsView,workbench.debug.variablesView from workbench.view.debug
2025-02-20 17:23:47.075 [info] Added views:workbench.debug.welcome in workbench.view.debug
2025-02-20 17:23:47.093 [info] Added views:~remote.forwardedPorts in ~remote.forwardedPortsContainer
2025-02-20 17:23:47.501 [info] Added views:workbench.view.testing in workbench.view.extension.test
2025-02-20 17:23:48.259 [info] Added views:workbench.scm.history in workbench.view.scm
2025-02-20 17:23:49.519 [info] Added views:connections in workbench.view.extension.positron-connections
2025-02-20 17:23:50.673 [info] Removed views:workbench.scm.history from workbench.view.scm
2025-02-20 17:23:50.676 [info] Removed views:workbench.view.testing from workbench.view.extension.test
